<?xml version="1.0" encoding="UTF-8"?>
<!-- Generated by org.testng.reporters.JUnitXMLReporter -->
<testsuite hostname="Garimas-MBP.cgocable.net" ignored="0" name="Default test" tests="5" failures="0" timestamp="20 Apr 2022 16:57:57 GMT" time="28.166" errors="0">
  <testcase name="downloadResumeTest" time="1.382" classname="ui.TestAutomationClass"/>
  <testcase name="generateProfileCardTest" time="1.558" classname="ui.TestAutomationClass"/>
  <testcase name="verifyLinkedInNavigationTest" time="0.376" classname="ui.TestAutomationClass"/>
  <testcase name="verifyProfileCardLinkPage" time="1.576" classname="ui.TestAutomationClass"/>
  <testcase name="verifyTitleTest" time="0.179" classname="ui.TestAutomationClass"/>
</testsuite> <!-- Default test -->
